[2019-06-03 12:46:54.912] [exthost] [info] extension host started
[2019-06-03 12:46:54.925] [exthost] [info] ExtensionService#_doActivateExtension vscode.debug-auto-launch {"startup":true,"activationEvent":"*"}
[2019-06-03 12:46:54.925] [exthost] [info] ExtensionService#loadCommonJSModule /usr/share/code/resources/app/extensions/debug-auto-launch/dist/extension
[2019-06-03 12:46:54.928] [exthost] [info] ExtensionService#_doActivateExtension vscode.emmet {"startup":true,"activationEvent":"*"}
[2019-06-03 12:46:54.928] [exthost] [info] ExtensionService#loadCommonJSModule /usr/share/code/resources/app/extensions/emmet/dist/extension
[2019-06-03 12:46:54.941] [exthost] [info] ExtensionService#_doActivateExtension vscode.git {"startup":true,"activationEvent":"*"}
[2019-06-03 12:46:54.941] [exthost] [info] ExtensionService#loadCommonJSModule /usr/share/code/resources/app/extensions/git/dist/main
[2019-06-03 12:46:55.012] [exthost] [info] ExtensionService#_doActivateExtension vscode.merge-conflict {"startup":true,"activationEvent":"*"}
[2019-06-03 12:46:55.012] [exthost] [info] ExtensionService#loadCommonJSModule /usr/share/code/resources/app/extensions/merge-conflict/dist/extension
[2019-06-03 12:46:55.016] [exthost] [info] ExtensionService#_doActivateExtension esbenp.prettier-vscode {"startup":true,"activationEvent":"*"}
[2019-06-03 12:46:55.016] [exthost] [info] ExtensionService#loadCommonJSModule /home/shadi/.vscode/extensions/esbenp.prettier-vscode-1.9.0/out/src/extension
[2019-06-03 12:46:55.136] [exthost] [info] ExtensionService#_doActivateExtension HookyQR.beautify {"startup":true,"activationEvent":"*"}
[2019-06-03 12:46:55.136] [exthost] [info] ExtensionService#loadCommonJSModule /home/shadi/.vscode/extensions/hookyqr.beautify-1.5.0/extension
[2019-06-03 12:46:55.166] [exthost] [info] eager extensions activated
[2019-06-03 12:47:02.407] [exthost] [info] ExtensionService#_doActivateExtension octref.vetur {"startup":false,"activationEvent":"onLanguage:vue"}
[2019-06-03 12:47:02.407] [exthost] [info] ExtensionService#loadCommonJSModule /home/shadi/.vscode/extensions/octref.vetur-0.21.0/dist/client/vueMain
[2019-06-03 12:47:02.459] [exthost] [info] ExtensionService#_doActivateExtension shinnn.stylelint {"startup":false,"activationEvent":"onLanguage:vue"}
[2019-06-03 12:47:02.459] [exthost] [info] ExtensionService#loadCommonJSModule /home/shadi/.vscode/extensions/shinnn.stylelint-0.49.0/index.js
[2019-06-03 13:30:36.253] [exthost] [info] ExtensionService#_doActivateExtension vscode.html-language-features {"startup":false,"activationEvent":"onLanguage:html"}
[2019-06-03 13:30:36.253] [exthost] [info] ExtensionService#loadCommonJSModule /usr/share/code/resources/app/extensions/html-language-features/client/dist/htmlMain
[2019-06-03 13:34:22.006] [exthost] [info] ExtensionService#_doActivateExtension vscode.extension-editing {"startup":false,"activationEvent":"onLanguage:typescript"}
[2019-06-03 13:34:22.006] [exthost] [info] ExtensionService#loadCommonJSModule /usr/share/code/resources/app/extensions/extension-editing/dist/extension
[2019-06-03 13:34:22.055] [exthost] [info] ExtensionService#_doActivateExtension vscode.typescript-language-features {"startup":false,"activationEvent":"onLanguage:typescript"}
[2019-06-03 13:34:22.055] [exthost] [info] ExtensionService#loadCommonJSModule /usr/share/code/resources/app/extensions/typescript-language-features/dist/extension
[2019-06-03 13:36:28.398] [exthost] [info] ExtensionService#_doActivateExtension vscode.css-language-features {"startup":false,"activationEvent":"onLanguage:scss"}
[2019-06-03 13:36:28.398] [exthost] [info] ExtensionService#loadCommonJSModule /usr/share/code/resources/app/extensions/css-language-features/client/dist/cssMain
