[2019-06-02 21:59:50.471] [exthost] [info] extension host started
[2019-06-02 21:59:50.488] [exthost] [info] ExtensionService#_doActivateExtension vscode.debug-auto-launch {"startup":true,"activationEvent":"*"}
[2019-06-02 21:59:50.488] [exthost] [info] ExtensionService#loadCommonJSModule /usr/share/code/resources/app/extensions/debug-auto-launch/dist/extension
[2019-06-02 21:59:50.580] [exthost] [info] ExtensionService#_doActivateExtension vscode.emmet {"startup":true,"activationEvent":"*"}
[2019-06-02 21:59:50.580] [exthost] [info] ExtensionService#loadCommonJSModule /usr/share/code/resources/app/extensions/emmet/dist/extension
[2019-06-02 21:59:50.713] [exthost] [info] ExtensionService#_doActivateExtension vscode.git {"startup":true,"activationEvent":"*"}
[2019-06-02 21:59:50.713] [exthost] [info] ExtensionService#loadCommonJSModule /usr/share/code/resources/app/extensions/git/dist/main
[2019-06-02 21:59:50.914] [exthost] [info] ExtensionService#_doActivateExtension vscode.merge-conflict {"startup":true,"activationEvent":"*"}
[2019-06-02 21:59:50.914] [exthost] [info] ExtensionService#loadCommonJSModule /usr/share/code/resources/app/extensions/merge-conflict/dist/extension
[2019-06-02 21:59:51.023] [exthost] [info] ExtensionService#_doActivateExtension esbenp.prettier-vscode {"startup":true,"activationEvent":"*"}
[2019-06-02 21:59:51.023] [exthost] [info] ExtensionService#loadCommonJSModule /home/shadi/.vscode/extensions/esbenp.prettier-vscode-1.9.0/out/src/extension
[2019-06-02 21:59:52.436] [exthost] [info] ExtensionService#_doActivateExtension HookyQR.beautify {"startup":true,"activationEvent":"*"}
[2019-06-02 21:59:52.436] [exthost] [info] ExtensionService#loadCommonJSModule /home/shadi/.vscode/extensions/hookyqr.beautify-1.5.0/extension
[2019-06-02 21:59:52.615] [exthost] [info] eager extensions activated
[2019-06-02 22:00:53.348] [exthost] [info] extension host started
[2019-06-02 22:00:53.362] [exthost] [info] ExtensionService#_doActivateExtension vscode.debug-auto-launch {"startup":true,"activationEvent":"*"}
[2019-06-02 22:00:53.362] [exthost] [info] ExtensionService#loadCommonJSModule /usr/share/code/resources/app/extensions/debug-auto-launch/dist/extension
[2019-06-02 22:00:53.364] [exthost] [info] ExtensionService#_doActivateExtension vscode.emmet {"startup":true,"activationEvent":"*"}
[2019-06-02 22:00:53.364] [exthost] [info] ExtensionService#loadCommonJSModule /usr/share/code/resources/app/extensions/emmet/dist/extension
[2019-06-02 22:00:53.378] [exthost] [info] ExtensionService#_doActivateExtension vscode.git {"startup":true,"activationEvent":"*"}
[2019-06-02 22:00:53.378] [exthost] [info] ExtensionService#loadCommonJSModule /usr/share/code/resources/app/extensions/git/dist/main
[2019-06-02 22:00:53.450] [exthost] [info] ExtensionService#_doActivateExtension vscode.merge-conflict {"startup":true,"activationEvent":"*"}
[2019-06-02 22:00:53.451] [exthost] [info] ExtensionService#loadCommonJSModule /usr/share/code/resources/app/extensions/merge-conflict/dist/extension
[2019-06-02 22:00:53.455] [exthost] [info] ExtensionService#_doActivateExtension esbenp.prettier-vscode {"startup":true,"activationEvent":"*"}
[2019-06-02 22:00:53.455] [exthost] [info] ExtensionService#loadCommonJSModule /home/shadi/.vscode/extensions/esbenp.prettier-vscode-1.9.0/out/src/extension
[2019-06-02 22:00:53.599] [exthost] [info] ExtensionService#_doActivateExtension HookyQR.beautify {"startup":true,"activationEvent":"*"}
[2019-06-02 22:00:53.599] [exthost] [info] ExtensionService#loadCommonJSModule /home/shadi/.vscode/extensions/hookyqr.beautify-1.5.0/extension
[2019-06-02 22:00:53.633] [exthost] [info] eager extensions activated
[2019-06-02 22:01:48.419] [exthost] [info] ExtensionService#_doActivateExtension octref.vetur {"startup":false,"activationEvent":"onLanguage:vue"}
[2019-06-02 22:01:48.419] [exthost] [info] ExtensionService#loadCommonJSModule /home/shadi/.vscode/extensions/octref.vetur-0.21.0/dist/client/vueMain
[2019-06-02 22:01:50.024] [exthost] [info] ExtensionService#_doActivateExtension shinnn.stylelint {"startup":false,"activationEvent":"onLanguage:vue"}
[2019-06-02 22:01:50.024] [exthost] [info] ExtensionService#loadCommonJSModule /home/shadi/.vscode/extensions/shinnn.stylelint-0.49.0/index.js
[2019-06-02 22:04:40.355] [exthost] [info] ExtensionService#_doActivateExtension vscode.extension-editing {"startup":false,"activationEvent":"onLanguage:typescript"}
[2019-06-02 22:04:40.355] [exthost] [info] ExtensionService#loadCommonJSModule /usr/share/code/resources/app/extensions/extension-editing/dist/extension
[2019-06-02 22:04:40.680] [exthost] [info] ExtensionService#_doActivateExtension vscode.typescript-language-features {"startup":false,"activationEvent":"onLanguage:typescript"}
[2019-06-02 22:04:40.680] [exthost] [info] ExtensionService#loadCommonJSModule /usr/share/code/resources/app/extensions/typescript-language-features/dist/extension
[2019-06-02 22:13:07.073] [exthost] [info] ExtensionService#_doActivateExtension vscode.html-language-features {"startup":false,"activationEvent":"onLanguage:html"}
[2019-06-02 22:13:07.073] [exthost] [info] ExtensionService#loadCommonJSModule /usr/share/code/resources/app/extensions/html-language-features/client/dist/htmlMain
[2019-06-03 00:35:46.290] [exthost] [info] ExtensionService#_doActivateExtension vscode.configuration-editing {"startup":false,"activationEvent":"onLanguage:json"}
[2019-06-03 00:35:46.290] [exthost] [info] ExtensionService#loadCommonJSModule /usr/share/code/resources/app/extensions/configuration-editing/dist/extension
[2019-06-03 00:35:47.236] [exthost] [info] ExtensionService#_doActivateExtension vscode.json-language-features {"startup":false,"activationEvent":"onLanguage:json"}
[2019-06-03 00:35:47.236] [exthost] [info] ExtensionService#loadCommonJSModule /usr/share/code/resources/app/extensions/json-language-features/client/dist/jsonMain
[2019-06-03 00:35:47.380] [exthost] [info] ExtensionService#_doActivateExtension vscode.npm {"startup":false,"activationEvent":"onLanguage:json"}
[2019-06-03 00:35:47.380] [exthost] [info] ExtensionService#loadCommonJSModule /usr/share/code/resources/app/extensions/npm/dist/main
